{"total": {"lines":{"total":407,"covered":384,"skipped":0,"pct":94.34},"statements":{"total":407,"covered":384,"skipped":0,"pct":94.34},"functions":{"total":8,"covered":8,"skipped":0,"pct":100},"branches":{"total":60,"covered":41,"skipped":0,"pct":68.33},"branchesTrue":{"total":0,"covered":0,"skipped":0,"pct":100}}
,"C:\\Users\\constantinos\\Documents\\code\\DSF\\ce-accessibility-audit-cli\\analysis\\loadAuditRuns.mjs": {"lines":{"total":63,"covered":61,"skipped":0,"pct":96.82},"functions":{"total":2,"covered":2,"skipped":0,"pct":100},"statements":{"total":63,"covered":61,"skipped":0,"pct":96.82},"branches":{"total":15,"covered":14,"skipped":0,"pct":93.33}}
,"C:\\Users\\constantinos\\Documents\\code\\DSF\\ce-accessibility-audit-cli\\analysis\\loadLatestAuditRunsBySite.mjs": {"lines":{"total":44,"covered":44,"skipped":0,"pct":100},"functions":{"total":1,"covered":1,"skipped":0,"pct":100},"statements":{"total":44,"covered":44,"skipped":0,"pct":100},"branches":{"total":8,"covered":5,"skipped":0,"pct":62.5}}
,"C:\\Users\\constantinos\\Documents\\code\\DSF\\ce-accessibility-audit-cli\\analysis\\runAggregatedAnalysis.mjs": {"lines":{"total":78,"covered":63,"skipped":0,"pct":80.76},"functions":{"total":1,"covered":1,"skipped":0,"pct":100},"statements":{"total":78,"covered":63,"skipped":0,"pct":80.76},"branches":{"total":6,"covered":3,"skipped":0,"pct":50}}
,"C:\\Users\\constantinos\\Documents\\code\\DSF\\ce-accessibility-audit-cli\\analysis\\aggregations\\violationsByPrinciple.mjs": {"lines":{"total":47,"covered":47,"skipped":0,"pct":100},"functions":{"total":1,"covered":1,"skipped":0,"pct":100},"statements":{"total":47,"covered":47,"skipped":0,"pct":100},"branches":{"total":7,"covered":3,"skipped":0,"pct":42.85}}
,"C:\\Users\\constantinos\\Documents\\code\\DSF\\ce-accessibility-audit-cli\\analysis\\aggregations\\violationsByWcagTree.mjs": {"lines":{"total":75,"covered":75,"skipped":0,"pct":100},"functions":{"total":1,"covered":1,"skipped":0,"pct":100},"statements":{"total":75,"covered":75,"skipped":0,"pct":100},"branches":{"total":9,"covered":6,"skipped":0,"pct":66.66}}
,"C:\\Users\\constantinos\\Documents\\code\\DSF\\ce-accessibility-audit-cli\\analysis\\exports\\toCsvWcagFlat.mjs": {"lines":{"total":40,"covered":38,"skipped":0,"pct":95},"functions":{"total":1,"covered":1,"skipped":0,"pct":100},"statements":{"total":40,"covered":38,"skipped":0,"pct":95},"branches":{"total":7,"covered":4,"skipped":0,"pct":57.14}}
,"C:\\Users\\constantinos\\Documents\\code\\DSF\\ce-accessibility-audit-cli\\cli\\persistence\\saveAuditRun.mjs": {"lines":{"total":60,"covered":56,"skipped":0,"pct":93.33},"functions":{"total":1,"covered":1,"skipped":0,"pct":100},"statements":{"total":60,"covered":56,"skipped":0,"pct":93.33},"branches":{"total":8,"covered":6,"skipped":0,"pct":75}}
}
